<?xml version="1.0" encoding="utf-8" standalone="no"?>
<!--This file represents the results of running a test suite-->
<test-results name="D:\Доки\ClassLibrary2\ClassLibrary2\bin\Debug\ClassLibrary2.dll" total="1" errors="0" failures="0" not-run="0" inconclusive="0" ignored="0" skipped="0" invalid="0" date="2015-08-31" time="14:21:48">
  <environment nunit-version="2.6.4.14350" clr-version="2.0.50727.8009" os-version="Microsoft Windows NT 6.2.9200.0" platform="Win32NT" cwd="D:\загрузки\Новая папка (4)\NUnit-2.6.4\NUnit-2.6.4\bin" machine-name="UK-RND-91" user="a.zykova" user-domain="2GIS" />
  <culture-info current-culture="ru-RU" current-uiculture="ru-RU" />
  <test-suite type="Assembly" name="D:\Доки\ClassLibrary2\ClassLibrary2\bin\Debug\ClassLibrary2.dll" executed="True" result="Success" success="True" time="36.052" asserts="0">
    <results>
      <test-suite type="TestFixture" name="AutoTest" executed="True" result="Success" success="True" time="36.038" asserts="0">
        <results>
          <test-case name="AutoTest.TestFailPassword" executed="True" result="Success" success="True" time="0.612" asserts="2" />
        </results>
      </test-suite>
    </results>
  </test-suite>
</test-results>