<?xml version="1.0" encoding="utf-8" standalone="no"?>
<!--This file represents the results of running a test suite-->
<test-results name="D:\Доки\ClassLibrary2\ClassLibrary1\bin\Debug\ClassLibrary1.dll" total="2" errors="0" failures="0" not-run="0" inconclusive="0" ignored="0" skipped="0" invalid="0" date="2015-09-01" time="18:25:28">
  <environment nunit-version="2.6.4.14350" clr-version="2.0.50727.8009" os-version="Microsoft Windows NT 6.2.9200.0" platform="Win32NT" cwd="D:\загрузки\Новая папка (4)\NUnit-2.6.4\NUnit-2.6.4\bin" machine-name="UK-RND-91" user="a.zykova" user-domain="2GIS" />
  <culture-info current-culture="ru-RU" current-uiculture="ru-RU" />
  <test-suite type="Assembly" name="D:\Доки\ClassLibrary2\ClassLibrary1\bin\Debug\ClassLibrary1.dll" executed="True" result="Success" success="True" time="0.379" asserts="0">
    <results>
      <test-suite type="SetUpFixture" name="Action" executed="True" result="Success" success="True" time="0.365" asserts="0">
        <results>
          <test-suite type="TestFixture" name="Test" executed="True" result="Success" success="True" time="0.261" asserts="0">
            <results>
              <test-case name="Action.Test.Test1" executed="True" result="Success" success="True" time="0.248" asserts="0">
                <reason>
                  <message><![CDATA[]]></message>
                </reason>
              </test-case>
              <test-case name="Action.Test.Test2" executed="True" result="Success" success="True" time="0.002" asserts="1" />
            </results>
          </test-suite>
        </results>
      </test-suite>
    </results>
  </test-suite>
</test-results>