<?xml version="1.0" encoding="utf-8" standalone="no"?>
<!--This file represents the results of running a test suite-->
<test-results name="D:\Доки\ClassLibrary2\ClassLibrary3\bin\Debug\ClassLibrary3.dll" total="1" errors="0" failures="1" not-run="0" inconclusive="0" ignored="0" skipped="0" invalid="0" date="2015-09-01" time="17:58:45">
  <environment nunit-version="2.6.4.14350" clr-version="2.0.50727.8009" os-version="Microsoft Windows NT 6.2.9200.0" platform="Win32NT" cwd="D:\загрузки\Новая папка (4)\NUnit-2.6.4\NUnit-2.6.4\bin" machine-name="UK-RND-91" user="a.zykova" user-domain="2GIS" />
  <culture-info current-culture="ru-RU" current-uiculture="ru-RU" />
  <test-suite type="Assembly" name="D:\Доки\ClassLibrary2\ClassLibrary3\bin\Debug\ClassLibrary3.dll" executed="True" result="Failure" success="False" time="9.009" asserts="0">
    <results>
      <test-suite type="Namespace" name="PageObject" executed="True" result="Failure" success="False" time="8.996" asserts="0">
        <results>
          <test-suite type="TestFixture" name="UserWantTologIn" executed="True" result="Failure" success="False" time="8.994" asserts="0">
            <results>
              <test-case name="PageObject.UserWantTologIn.Test1" executed="True" result="Failure" success="False" time="0.467" asserts="3">
                <failure>
                  <message><![CDATA[  Expected: True
  But was:  False
]]></message>
                  <stack-trace><![CDATA[в PageObject.UserWantTologIn.Test1() в d:\Доки\ClassLibrary2\ClassLibrary3\UserWantToLogIn.cs:строка 53
]]></stack-trace>
                </failure>
              </test-case>
            </results>
          </test-suite>
        </results>
      </test-suite>
    </results>
  </test-suite>
</test-results>